let # (-1, -1)
id # (3, 0)
: # (-1, -1)
integer # (-1, -1)
, # (-1, -1)
id # (4, 0)
: # (-1, -1)
integer # (-1, -1)
, # (-1, -1)
id # (20, 0)
: # (-1, -1)
integer # (-1, -1)
; # (-1, -1)
write # (-1, -1)
( # (-1, -1)
const # (39, 0)
) # (-1, -1)
; # (-1, -1)
read # (-1, -1)
( # (-1, -1)
id # (3, 0)
) # (-1, -1)
; # (-1, -1)
read # (-1, -1)
( # (-1, -1)
id # (4, 0)
) # (-1, -1)
; # (-1, -1)
while # (-1, -1)
id # (4, 0)
isnot # (-1, -1)
const # (1, 0)
do # (-1, -1)
begin # (-1, -1)
id # (20, 0)
= # (-1, -1)
id # (3, 0)
% # (-1, -1)
id # (4, 0)
; # (-1, -1)
id # (3, 0)
= # (-1, -1)
id # (4, 0)
; # (-1, -1)
id # (4, 0)
= # (-1, -1)
id # (20, 0)
; # (-1, -1)
end # (-1, -1)
write # (-1, -1)
( # (-1, -1)
const # (32, 0)
, # (-1, -1)
id # (3, 0)
) # (-1, -1)
; # (-1, -1)