let # (-1, -1)
id # (3, 0)
: # (-1, -1)
integer # (-1, -1)
[ # (-1, -1)
] # (-1, -1)
, # (-1, -1)
id # (16, 0)
: # (-1, -1)
integer # (-1, -1)
, # (-1, -1)
id # (11, 0)
: # (-1, -1)
integer # (-1, -1)
, # (-1, -1)
id # (26, 0)
: # (-1, -1)
integer # (-1, -1)
, # (-1, -1)
id # (18, 0)
: # (-1, -1)
integer # (-1, -1)
; # (-1, -1)
write # (-1, -1)
( # (-1, -1)
const # (24, 0)
) # (-1, -1)
; # (-1, -1)
read # (-1, -1)
( # (-1, -1)
id # (16, 0)
) # (-1, -1)
; # (-1, -1)
write # (-1, -1)
( # (-1, -1)
const # (36, 0)
) # (-1, -1)
; # (-1, -1)
for # (-1, -1)
id # (11, 0)
= # (-1, -1)
const # (1, 0)
; # (-1, -1)
, # (-1, -1)
id # (11, 0)
< # (-1, -1)
id # (16, 0)
, # (-1, -1)
id # (11, 0)
++ # (-1, -1)
; # (-1, -1)
do # (-1, -1)
begin # (-1, -1)
read # (-1, -1)
( # (-1, -1)
id # (3, 0)
[ # (-1, -1)
id # (11, 0)
] # (-1, -1)
) # (-1, -1)
; # (-1, -1)
end # (-1, -1)
id # (26, 0)
= # (-1, -1)
id # (3, 0)
[ # (-1, -1)
const # (1, 0)
] # (-1, -1)
; # (-1, -1)
id # (18, 0)
= # (-1, -1)
id # (3, 0)
[ # (-1, -1)
const # (1, 0)
] # (-1, -1)
; # (-1, -1)
for # (-1, -1)
id # (11, 0)
= # (-1, -1)
const # (2, 0)
; # (-1, -1)
, # (-1, -1)
id # (11, 0)
< # (-1, -1)
id # (16, 0)
, # (-1, -1)
id # (11, 0)
++ # (-1, -1)
; # (-1, -1)
do # (-1, -1)
begin # (-1, -1)
if # (-1, -1)
id # (3, 0)
[ # (-1, -1)
id # (11, 0)
] # (-1, -1)
< # (-1, -1)
id # (26, 0)
then # (-1, -1)
begin # (-1, -1)
id # (26, 0)
= # (-1, -1)
id # (3, 0)
[ # (-1, -1)
id # (11, 0)
] # (-1, -1)
; # (-1, -1)
end # (-1, -1)
if # (-1, -1)
id # (3, 0)
[ # (-1, -1)
id # (11, 0)
] # (-1, -1)
> # (-1, -1)
id # (18, 0)
then # (-1, -1)
begin # (-1, -1)
id # (18, 0)
= # (-1, -1)
id # (3, 0)
[ # (-1, -1)
id # (11, 0)
] # (-1, -1)
; # (-1, -1)
end # (-1, -1)
end # (-1, -1)
write # (-1, -1)
( # (-1, -1)
const # (22, 0)
, # (-1, -1)
id # (26, 0)
) # (-1, -1)
; # (-1, -1)
write # (-1, -1)
( # (-1, -1)
const # (24, 1)
, # (-1, -1)
id # (18, 0)
) # (-1, -1)
; # (-1, -1)